<?xml version="1.0" encoding="UTF-8"?>
<!-- Generated by org.testng.reporters.JUnitXMLReporter -->
<testsuite ignored="0" hostname="Dell" failures="0" tests="7" name="AMZ App Test Cases" time="156.008" errors="0" timestamp="2022-09-10T19:11:44 IST">
  <testcase classname="com.amz.qa.testcases.LoginPageTest" name="loginTest" time="1.516"/>
  <testcase classname="com.amz.qa.testcases.LoginPageTest" name="loginOnlyEmailTest" time="1.147"/>
  <testcase classname="com.amz.qa.testcases.LoginPageTest" name="loginOnlyEmlInvPwdTest" time="2.799"/>
  <testcase classname="com.amz.qa.testcases.SignUpPageTest" name="titleSignUpTest" time="0.152"/>
  <testcase classname="com.amz.qa.testcases.SignUpPageTest" name="signUpTest1" time="0.986"/>
  <testcase classname="com.amz.qa.testcases.HomePageTest" name="mobileBasicTest" time="54.26"/>
  <testcase classname="com.amz.qa.testcases.HomePageTest" name="yogaMatTest" time="26.503"/>
</testsuite> <!-- AMZ App Test Cases -->
