<?xml version="1.0" encoding="UTF-8"?>
<!-- Generated by org.testng.reporters.JUnitXMLReporter -->
<testsuite ignored="0" hostname="Dell" failures="0" tests="3" name="Default test" time="199.525" errors="0" timestamp="2022-09-06T15:52:51 IST">
  <testcase classname="com.amz.qa.testcases.HomePageTest" name="homePageTitleTest" time="10.568"/>
  <testcase classname="com.amz.qa.testcases.HomePageTest" name="mobileBasicTest" time="54.974"/>
  <testcase classname="com.amz.qa.testcases.HomePageTest" name="yogaMatTest" time="41.153"/>
</testsuite> <!-- Default test -->
