<?xml version="1.0" encoding="UTF-8"?>
<testng-results ignored="0" total="7" passed="7" failed="0" skipped="0">
  <reporter-output>
  </reporter-output>
  <suite started-at="2022-09-10T19:09:08 IST" name="Amazon Application Test Automation Test Suite" finished-at="2022-09-10T19:11:44 IST" duration-ms="156008">
    <groups>
    </groups>
    <test started-at="2022-09-10T19:09:08 IST" name="AMZ App Test Cases" finished-at="2022-09-10T19:11:44 IST" duration-ms="156008">
      <class name="com.amz.qa.testcases.SignUpPageTest">
        <test-method is-config="true" signature="setUp()[pri:0, instance:com.amz.qa.testcases.SignUpPageTest@27406a17]" started-at="2022-09-10T19:09:38 IST" name="setUp" finished-at="2022-09-10T19:09:44 IST" duration-ms="6165" status="PASS">
          <reporter-output>
          </reporter-output>
        </test-method> <!-- setUp -->
        <test-method signature="titleSignUpTest()[pri:1, instance:com.amz.qa.testcases.SignUpPageTest@27406a17]" started-at="2022-09-10T19:09:44 IST" name="titleSignUpTest" finished-at="2022-09-10T19:09:44 IST" duration-ms="152" status="PASS">
          <reporter-output>
          </reporter-output>
        </test-method> <!-- titleSignUpTest -->
        <test-method is-config="true" signature="tearDown()[pri:0, instance:com.amz.qa.testcases.SignUpPageTest@27406a17]" started-at="2022-09-10T19:09:44 IST" name="tearDown" finished-at="2022-09-10T19:09:45 IST" duration-ms="1222" status="PASS">
          <reporter-output>
          </reporter-output>
        </test-method> <!-- tearDown -->
        <test-method is-config="true" signature="setUp()[pri:0, instance:com.amz.qa.testcases.SignUpPageTest@27406a17]" started-at="2022-09-10T19:09:45 IST" name="setUp" finished-at="2022-09-10T19:09:54 IST" duration-ms="8443" status="PASS">
          <reporter-output>
          </reporter-output>
        </test-method> <!-- setUp -->
        <test-method signature="signUpTest1()[pri:8, instance:com.amz.qa.testcases.SignUpPageTest@27406a17]" started-at="2022-09-10T19:09:54 IST" name="signUpTest1" finished-at="2022-09-10T19:09:55 IST" duration-ms="986" status="PASS">
          <reporter-output>
          </reporter-output>
        </test-method> <!-- signUpTest1 -->
        <test-method is-config="true" signature="tearDown()[pri:0, instance:com.amz.qa.testcases.SignUpPageTest@27406a17]" started-at="2022-09-10T19:09:55 IST" name="tearDown" finished-at="2022-09-10T19:09:56 IST" duration-ms="1256" status="PASS">
          <reporter-output>
          </reporter-output>
        </test-method> <!-- tearDown -->
      </class> <!-- com.amz.qa.testcases.SignUpPageTest -->
      <class name="com.amz.qa.testcases.LoginPageTest">
        <test-method is-config="true" signature="setUp()[pri:0, instance:com.amz.qa.testcases.LoginPageTest@f09733f]" started-at="2022-09-10T19:09:08 IST" name="setUp" finished-at="2022-09-10T19:09:16 IST" duration-ms="7912" status="PASS">
          <reporter-output>
          </reporter-output>
        </test-method> <!-- setUp -->
        <test-method signature="loginTest()[pri:2, instance:com.amz.qa.testcases.LoginPageTest@f09733f]" started-at="2022-09-10T19:09:16 IST" name="loginTest" finished-at="2022-09-10T19:09:18 IST" duration-ms="1516" status="PASS">
          <reporter-output>
          </reporter-output>
        </test-method> <!-- loginTest -->
        <test-method is-config="true" signature="tearDown()[pri:0, instance:com.amz.qa.testcases.LoginPageTest@f09733f]" started-at="2022-09-10T19:09:18 IST" name="tearDown" finished-at="2022-09-10T19:09:19 IST" duration-ms="1252" status="PASS">
          <reporter-output>
          </reporter-output>
        </test-method> <!-- tearDown -->
        <test-method is-config="true" signature="setUp()[pri:0, instance:com.amz.qa.testcases.LoginPageTest@f09733f]" started-at="2022-09-10T19:09:19 IST" name="setUp" finished-at="2022-09-10T19:09:25 IST" duration-ms="6020" status="PASS">
          <reporter-output>
          </reporter-output>
        </test-method> <!-- setUp -->
        <test-method signature="loginOnlyEmailTest()[pri:3, instance:com.amz.qa.testcases.LoginPageTest@f09733f]" started-at="2022-09-10T19:09:25 IST" name="loginOnlyEmailTest" finished-at="2022-09-10T19:09:26 IST" duration-ms="1147" status="PASS">
          <reporter-output>
          </reporter-output>
        </test-method> <!-- loginOnlyEmailTest -->
        <test-method is-config="true" signature="tearDown()[pri:0, instance:com.amz.qa.testcases.LoginPageTest@f09733f]" started-at="2022-09-10T19:09:26 IST" name="tearDown" finished-at="2022-09-10T19:09:27 IST" duration-ms="1234" status="PASS">
          <reporter-output>
          </reporter-output>
        </test-method> <!-- tearDown -->
        <test-method is-config="true" signature="setUp()[pri:0, instance:com.amz.qa.testcases.LoginPageTest@f09733f]" started-at="2022-09-10T19:09:27 IST" name="setUp" finished-at="2022-09-10T19:09:34 IST" duration-ms="6031" status="PASS">
          <reporter-output>
          </reporter-output>
        </test-method> <!-- setUp -->
        <test-method signature="loginOnlyEmlInvPwdTest()[pri:4, instance:com.amz.qa.testcases.LoginPageTest@f09733f]" started-at="2022-09-10T19:09:34 IST" name="loginOnlyEmlInvPwdTest" finished-at="2022-09-10T19:09:36 IST" duration-ms="2799" status="PASS">
          <reporter-output>
          </reporter-output>
        </test-method> <!-- loginOnlyEmlInvPwdTest -->
        <test-method is-config="true" signature="tearDown()[pri:0, instance:com.amz.qa.testcases.LoginPageTest@f09733f]" started-at="2022-09-10T19:09:36 IST" name="tearDown" finished-at="2022-09-10T19:09:38 IST" duration-ms="1259" status="PASS">
          <reporter-output>
          </reporter-output>
        </test-method> <!-- tearDown -->
      </class> <!-- com.amz.qa.testcases.LoginPageTest -->
      <class name="com.amz.qa.testcases.HomePageTest">
        <test-method is-config="true" signature="setUp()[pri:0, instance:com.amz.qa.testcases.HomePageTest@2af004b]" started-at="2022-09-10T19:09:56 IST" name="setUp" finished-at="2022-09-10T19:10:13 IST" duration-ms="17104" status="PASS">
          <reporter-output>
          </reporter-output>
        </test-method> <!-- setUp -->
        <test-method signature="mobileBasicTest()[pri:1, instance:com.amz.qa.testcases.HomePageTest@2af004b]" started-at="2022-09-10T19:10:13 IST" name="mobileBasicTest" finished-at="2022-09-10T19:11:07 IST" duration-ms="54260" status="PASS">
          <reporter-output>
          </reporter-output>
        </test-method> <!-- mobileBasicTest -->
        <test-method is-config="true" signature="tearDown()[pri:0, instance:com.amz.qa.testcases.HomePageTest@2af004b]" started-at="2022-09-10T19:11:07 IST" name="tearDown" finished-at="2022-09-10T19:11:09 IST" duration-ms="1475" status="PASS">
          <reporter-output>
          </reporter-output>
        </test-method> <!-- tearDown -->
        <test-method is-config="true" signature="setUp()[pri:0, instance:com.amz.qa.testcases.HomePageTest@2af004b]" started-at="2022-09-10T19:11:09 IST" name="setUp" finished-at="2022-09-10T19:11:17 IST" duration-ms="7879" status="PASS">
          <reporter-output>
          </reporter-output>
        </test-method> <!-- setUp -->
        <test-method signature="yogaMatTest()[pri:2, instance:com.amz.qa.testcases.HomePageTest@2af004b]" started-at="2022-09-10T19:11:17 IST" name="yogaMatTest" finished-at="2022-09-10T19:11:43 IST" duration-ms="26503" status="PASS">
          <reporter-output>
          </reporter-output>
        </test-method> <!-- yogaMatTest -->
        <test-method is-config="true" signature="tearDown()[pri:0, instance:com.amz.qa.testcases.HomePageTest@2af004b]" started-at="2022-09-10T19:11:43 IST" name="tearDown" finished-at="2022-09-10T19:11:44 IST" duration-ms="1310" status="PASS">
          <reporter-output>
          </reporter-output>
        </test-method> <!-- tearDown -->
      </class> <!-- com.amz.qa.testcases.HomePageTest -->
    </test> <!-- AMZ App Test Cases -->
  </suite> <!-- Amazon Application Test Automation Test Suite -->
</testng-results>
